Analysis & Synthesis report for lab2
Wed May 21 17:02:34 2025
Quartus Prime Version 18.1.0 Build 625 09/12/2018 SJ Lite Edition


---------------------
; Table of Contents ;
---------------------
  1. Legal Notice
  2. Analysis & Synthesis Summary
  3. Analysis & Synthesis Settings
  4. Parallel Compilation
  5. Analysis & Synthesis Source Files Read
  6. Analysis & Synthesis Resource Usage Summary
  7. Analysis & Synthesis Resource Utilization by Entity
  8. General Register Statistics
  9. Parameter Settings for User Entity Instance: lab2_adder_subtractor_parametrizable:calc
 10. Port Connectivity Checks: "lab2_display_decimal:disp|lab2_hex_7seg:u1"
 11. Port Connectivity Checks: "lab2_adder_subtractor_parametrizable:calc"
 12. Post-Synthesis Netlist Statistics for Top Partition
 13. Elapsed Time Per Partition
 14. Analysis & Synthesis Messages



----------------
; Legal Notice ;
----------------
Copyright (C) 2018  Intel Corporation. All rights reserved.
Your use of Intel Corporation's design tools, logic functions 
and other software and tools, and its AMPP partner logic 
functions, and any output files from any of the foregoing 
(including device programming or simulation files), and any 
associated documentation or information are expressly subject 
to the terms and conditions of the Intel Program License 
Subscription Agreement, the Intel Quartus Prime License Agreement,
the Intel FPGA IP License Agreement, or other applicable license
agreement, including, without limitation, that your use is for
the sole purpose of programming logic devices manufactured by
Intel and sold by Intel or its authorized distributors.  Please
refer to the applicable agreement for further details.



+----------------------------------------------------------------------------------+
; Analysis & Synthesis Summary                                                     ;
+------------------------------------+---------------------------------------------+
; Analysis & Synthesis Status        ; Successful - Wed May 21 17:02:34 2025       ;
; Quartus Prime Version              ; 18.1.0 Build 625 09/12/2018 SJ Lite Edition ;
; Revision Name                      ; lab2                                        ;
; Top-level Entity Name              ; lab2_top                                    ;
; Family                             ; Cyclone IV E                                ;
; Total logic elements               ; 30                                          ;
;     Total combinational functions  ; 30                                          ;
;     Dedicated logic registers      ; 0                                           ;
; Total registers                    ; 0                                           ;
; Total pins                         ; 87                                          ;
; Total virtual pins                 ; 0                                           ;
; Total memory bits                  ; 0                                           ;
; Embedded Multiplier 9-bit elements ; 0                                           ;
; Total PLLs                         ; 0                                           ;
+------------------------------------+---------------------------------------------+


+------------------------------------------------------------------------------------------------------------+
; Analysis & Synthesis Settings                                                                              ;
+------------------------------------------------------------------+--------------------+--------------------+
; Option                                                           ; Setting            ; Default Value      ;
+------------------------------------------------------------------+--------------------+--------------------+
; Device                                                           ; EP4CE115F29C7      ;                    ;
; Top-level entity name                                            ; lab2_top           ; lab2               ;
; Family name                                                      ; Cyclone IV E       ; Cyclone V          ;
; Use smart compilation                                            ; Off                ; Off                ;
; Enable parallel Assembler and Timing Analyzer during compilation ; On                 ; On                 ;
; Enable compact report table                                      ; Off                ; Off                ;
; Restructure Multiplexers                                         ; Auto               ; Auto               ;
; Create Debugging Nodes for IP Cores                              ; Off                ; Off                ;
; Preserve fewer node names                                        ; On                 ; On                 ;
; Intel FPGA IP Evaluation Mode                                    ; Enable             ; Enable             ;
; Verilog Version                                                  ; Verilog_2001       ; Verilog_2001       ;
; VHDL Version                                                     ; VHDL_1993          ; VHDL_1993          ;
; State Machine Processing                                         ; Auto               ; Auto               ;
; Safe State Machine                                               ; Off                ; Off                ;
; Extract Verilog State Machines                                   ; On                 ; On                 ;
; Extract VHDL State Machines                                      ; On                 ; On                 ;
; Ignore Verilog initial constructs                                ; Off                ; Off                ;
; Iteration limit for constant Verilog loops                       ; 5000               ; 5000               ;
; Iteration limit for non-constant Verilog loops                   ; 250                ; 250                ;
; Add Pass-Through Logic to Inferred RAMs                          ; On                 ; On                 ;
; Infer RAMs from Raw Logic                                        ; On                 ; On                 ;
; Parallel Synthesis                                               ; On                 ; On                 ;
; DSP Block Balancing                                              ; Auto               ; Auto               ;
; NOT Gate Push-Back                                               ; On                 ; On                 ;
; Power-Up Don't Care                                              ; On                 ; On                 ;
; Remove Redundant Logic Cells                                     ; Off                ; Off                ;
; Remove Duplicate Registers                                       ; On                 ; On                 ;
; Ignore CARRY Buffers                                             ; Off                ; Off                ;
; Ignore CASCADE Buffers                                           ; Off                ; Off                ;
; Ignore GLOBAL Buffers                                            ; Off                ; Off                ;
; Ignore ROW GLOBAL Buffers                                        ; Off                ; Off                ;
; Ignore LCELL Buffers                                             ; Off                ; Off                ;
; Ignore SOFT Buffers                                              ; On                 ; On                 ;
; Limit AHDL Integers to 32 Bits                                   ; Off                ; Off                ;
; Optimization Technique                                           ; Balanced           ; Balanced           ;
; Carry Chain Length                                               ; 70                 ; 70                 ;
; Auto Carry Chains                                                ; On                 ; On                 ;
; Auto Open-Drain Pins                                             ; On                 ; On                 ;
; Perform WYSIWYG Primitive Resynthesis                            ; Off                ; Off                ;
; Auto ROM Replacement                                             ; On                 ; On                 ;
; Auto RAM Replacement                                             ; On                 ; On                 ;
; Auto DSP Block Replacement                                       ; On                 ; On                 ;
; Auto Shift Register Replacement                                  ; Auto               ; Auto               ;
; Allow Shift Register Merging across Hierarchies                  ; Auto               ; Auto               ;
; Auto Clock Enable Replacement                                    ; On                 ; On                 ;
; Strict RAM Replacement                                           ; Off                ; Off                ;
; Allow Synchronous Control Signals                                ; On                 ; On                 ;
; Force Use of Synchronous Clear Signals                           ; Off                ; Off                ;
; Auto RAM Block Balancing                                         ; On                 ; On                 ;
; Auto RAM to Logic Cell Conversion                                ; Off                ; Off                ;
; Auto Resource Sharing                                            ; Off                ; Off                ;
; Allow Any RAM Size For Recognition                               ; Off                ; Off                ;
; Allow Any ROM Size For Recognition                               ; Off                ; Off                ;
; Allow Any Shift Register Size For Recognition                    ; Off                ; Off                ;
; Use LogicLock Constraints during Resource Balancing              ; On                 ; On                 ;
; Ignore translate_off and synthesis_off directives                ; Off                ; Off                ;
; Timing-Driven Synthesis                                          ; On                 ; On                 ;
; Report Parameter Settings                                        ; On                 ; On                 ;
; Report Source Assignments                                        ; On                 ; On                 ;
; Report Connectivity Checks                                       ; On                 ; On                 ;
; Ignore Maximum Fan-Out Assignments                               ; Off                ; Off                ;
; Synchronization Register Chain Length                            ; 2                  ; 2                  ;
; Power Optimization During Synthesis                              ; Normal compilation ; Normal compilation ;
; HDL message level                                                ; Level2             ; Level2             ;
; Suppress Register Optimization Related Messages                  ; Off                ; Off                ;
; Number of Removed Registers Reported in Synthesis Report         ; 5000               ; 5000               ;
; Number of Swept Nodes Reported in Synthesis Report               ; 5000               ; 5000               ;
; Number of Inverted Registers Reported in Synthesis Report        ; 100                ; 100                ;
; Clock MUX Protection                                             ; On                 ; On                 ;
; Auto Gated Clock Conversion                                      ; Off                ; Off                ;
; Block Design Naming                                              ; Auto               ; Auto               ;
; SDC constraint protection                                        ; Off                ; Off                ;
; Synthesis Effort                                                 ; Auto               ; Auto               ;
; Shift Register Replacement - Allow Asynchronous Clear Signal     ; On                 ; On                 ;
; Pre-Mapping Resynthesis Optimization                             ; Off                ; Off                ;
; Analysis & Synthesis Message Level                               ; Medium             ; Medium             ;
; Disable Register Merging Across Hierarchies                      ; Auto               ; Auto               ;
; Resource Aware Inference For Block RAM                           ; On                 ; On                 ;
+------------------------------------------------------------------+--------------------+--------------------+


+------------------------------------------+
; Parallel Compilation                     ;
+----------------------------+-------------+
; Processors                 ; Number      ;
+----------------------------+-------------+
; Number detected on machine ; 12          ;
; Maximum allowed            ; 6           ;
;                            ;             ;
; Average used               ; 1.00        ;
; Maximum used               ; 1           ;
;                            ;             ;
; Usage by Processor         ; % Time Used ;
;     Processor 1            ; 100.0%      ;
+----------------------------+-------------+


+--------------------------------------------------------------------------------------------------------------------------------------------------------------+
; Analysis & Synthesis Source Files Read                                                                                                                       ;
+----------------------------------------+-----------------+------------------------+----------------------------------------------------------------+---------+
; File Name with User-Entered Path       ; Used in Netlist ; File Type              ; File Name with Absolute Path                                   ; Library ;
+----------------------------------------+-----------------+------------------------+----------------------------------------------------------------+---------+
; lab2_full_adder.v                      ; yes             ; User Verilog HDL File  ; D:/Verilog/lab2_modulo2/lab2_full_adder.v                      ;         ;
; lab2_adder_subtractor_parametrizable.v ; yes             ; User Verilog HDL File  ; D:/Verilog/lab2_modulo2/lab2_adder_subtractor_parametrizable.v ;         ;
; lab2_hex_7seg.v                        ; yes             ; User Verilog HDL File  ; D:/Verilog/lab2_modulo2/lab2_hex_7seg.v                        ;         ;
; lab2_display_decimal.v                 ; yes             ; User Verilog HDL File  ; D:/Verilog/lab2_modulo2/lab2_display_decimal.v                 ;         ;
; lab2_top.v                             ; yes             ; User Verilog HDL File  ; D:/Verilog/lab2_modulo2/lab2_top.v                             ;         ;
+----------------------------------------+-----------------+------------------------+----------------------------------------------------------------+---------+


+-----------------------------------------------------------+
; Analysis & Synthesis Resource Usage Summary               ;
+---------------------------------------------+-------------+
; Resource                                    ; Usage       ;
+---------------------------------------------+-------------+
; Estimated Total logic elements              ; 30          ;
;                                             ;             ;
; Total combinational functions               ; 30          ;
; Logic element usage by number of LUT inputs ;             ;
;     -- 4 input functions                    ; 26          ;
;     -- 3 input functions                    ; 1           ;
;     -- <=2 input functions                  ; 3           ;
;                                             ;             ;
; Logic elements by mode                      ;             ;
;     -- normal mode                          ; 30          ;
;     -- arithmetic mode                      ; 0           ;
;                                             ;             ;
; Total registers                             ; 0           ;
;     -- Dedicated logic registers            ; 0           ;
;     -- I/O registers                        ; 0           ;
;                                             ;             ;
; I/O pins                                    ; 87          ;
;                                             ;             ;
; Embedded Multiplier 9-bit elements          ; 0           ;
;                                             ;             ;
; Maximum fan-out node                        ; SW[0]~input ;
; Maximum fan-out                             ; 13          ;
; Total fan-out                               ; 235         ;
; Average fan-out                             ; 1.15        ;
+---------------------------------------------+-------------+


+-----------------------------------------------------------------------------------------------------------------------------------------------------------------------------------------------------------------------------------------------------------------------------------------------------------------------------+
; Analysis & Synthesis Resource Utilization by Entity                                                                                                                                                                                                                                                                         ;
+------------------------------------------------+---------------------+---------------------------+-------------+--------------+---------+-----------+------+--------------+-------------------------------------------------------------------------------------------+--------------------------------------+--------------+
; Compilation Hierarchy Node                     ; Combinational ALUTs ; Dedicated Logic Registers ; Memory Bits ; DSP Elements ; DSP 9x9 ; DSP 18x18 ; Pins ; Virtual Pins ; Full Hierarchy Name                                                                       ; Entity Name                          ; Library Name ;
+------------------------------------------------+---------------------+---------------------------+-------------+--------------+---------+-----------+------+--------------+-------------------------------------------------------------------------------------------+--------------------------------------+--------------+
; |lab2_top                                      ; 30 (0)              ; 0 (0)                     ; 0           ; 0            ; 0       ; 0         ; 87   ; 0            ; |lab2_top                                                                                 ; lab2_top                             ; work         ;
;    |lab2_adder_subtractor_parametrizable:calc| ; 9 (1)               ; 0 (0)                     ; 0           ; 0            ; 0       ; 0         ; 0    ; 0            ; |lab2_top|lab2_adder_subtractor_parametrizable:calc                                       ; lab2_adder_subtractor_parametrizable ; work         ;
;       |lab2_full_adder:gen_full_adders[0].FA|  ; 3 (3)               ; 0 (0)                     ; 0           ; 0            ; 0       ; 0         ; 0    ; 0            ; |lab2_top|lab2_adder_subtractor_parametrizable:calc|lab2_full_adder:gen_full_adders[0].FA ; lab2_full_adder                      ; work         ;
;       |lab2_full_adder:gen_full_adders[1].FA|  ; 2 (2)               ; 0 (0)                     ; 0           ; 0            ; 0       ; 0         ; 0    ; 0            ; |lab2_top|lab2_adder_subtractor_parametrizable:calc|lab2_full_adder:gen_full_adders[1].FA ; lab2_full_adder                      ; work         ;
;       |lab2_full_adder:gen_full_adders[2].FA|  ; 2 (2)               ; 0 (0)                     ; 0           ; 0            ; 0       ; 0         ; 0    ; 0            ; |lab2_top|lab2_adder_subtractor_parametrizable:calc|lab2_full_adder:gen_full_adders[2].FA ; lab2_full_adder                      ; work         ;
;       |lab2_full_adder:gen_full_adders[3].FA|  ; 1 (1)               ; 0 (0)                     ; 0           ; 0            ; 0       ; 0         ; 0    ; 0            ; |lab2_top|lab2_adder_subtractor_parametrizable:calc|lab2_full_adder:gen_full_adders[3].FA ; lab2_full_adder                      ; work         ;
;    |lab2_display_decimal:disp|                 ; 7 (0)               ; 0 (0)                     ; 0           ; 0            ; 0       ; 0         ; 0    ; 0            ; |lab2_top|lab2_display_decimal:disp                                                       ; lab2_display_decimal                 ; work         ;
;       |lab2_hex_7seg:u0|                       ; 7 (7)               ; 0 (0)                     ; 0           ; 0            ; 0       ; 0         ; 0    ; 0            ; |lab2_top|lab2_display_decimal:disp|lab2_hex_7seg:u0                                      ; lab2_hex_7seg                        ; work         ;
;    |lab2_hex_7seg:hexA|                        ; 7 (7)               ; 0 (0)                     ; 0           ; 0            ; 0       ; 0         ; 0    ; 0            ; |lab2_top|lab2_hex_7seg:hexA                                                              ; lab2_hex_7seg                        ; work         ;
;    |lab2_hex_7seg:hexB|                        ; 7 (7)               ; 0 (0)                     ; 0           ; 0            ; 0       ; 0         ; 0    ; 0            ; |lab2_top|lab2_hex_7seg:hexB                                                              ; lab2_hex_7seg                        ; work         ;
+------------------------------------------------+---------------------+---------------------------+-------------+--------------+---------+-----------+------+--------------+-------------------------------------------------------------------------------------------+--------------------------------------+--------------+
Note: For table entries with two numbers listed, the numbers in parentheses indicate the number of resources of the given type used by the specific entity alone. The numbers listed outside of parentheses indicate the total resources of the given type used by the specific entity and all of its sub-entities in the hierarchy.


+------------------------------------------------------+
; General Register Statistics                          ;
+----------------------------------------------+-------+
; Statistic                                    ; Value ;
+----------------------------------------------+-------+
; Total registers                              ; 0     ;
; Number of registers using Synchronous Clear  ; 0     ;
; Number of registers using Synchronous Load   ; 0     ;
; Number of registers using Asynchronous Clear ; 0     ;
; Number of registers using Asynchronous Load  ; 0     ;
; Number of registers using Clock Enable       ; 0     ;
; Number of registers using Preset             ; 0     ;
+----------------------------------------------+-------+


+----------------------------------------------------------------------------------------+
; Parameter Settings for User Entity Instance: lab2_adder_subtractor_parametrizable:calc ;
+----------------+-------+---------------------------------------------------------------+
; Parameter Name ; Value ; Type                                                          ;
+----------------+-------+---------------------------------------------------------------+
; WIDTH          ; 4     ; Signed Integer                                                ;
+----------------+-------+---------------------------------------------------------------+
Note: In order to hide this table in the UI and the text report file, please set the "Show Parameter Settings in Synthesis Report" option in "Analysis and Synthesis Settings -> More Settings" to "Off".


+------------------------------------------------------------------------+
; Port Connectivity Checks: "lab2_display_decimal:disp|lab2_hex_7seg:u1" ;
+----------+-------+----------+------------------------------------------+
; Port     ; Type  ; Severity ; Details                                  ;
+----------+-------+----------+------------------------------------------+
; in[3..1] ; Input ; Info     ; Stuck at GND                             ;
+----------+-------+----------+------------------------------------------+


+----------------------------------------------------------------------------------------------------------------+
; Port Connectivity Checks: "lab2_adder_subtractor_parametrizable:calc"                                          ;
+------+--------+----------+-------------------------------------------------------------------------------------+
; Port ; Type   ; Severity ; Details                                                                             ;
+------+--------+----------+-------------------------------------------------------------------------------------+
; cout ; Output ; Info     ; Connected to dangling logic. Logic that only feeds a dangling port will be removed. ;
+------+--------+----------+-------------------------------------------------------------------------------------+


+-----------------------------------------------------+
; Post-Synthesis Netlist Statistics for Top Partition ;
+-----------------------+-----------------------------+
; Type                  ; Count                       ;
+-----------------------+-----------------------------+
; boundary_port         ; 87                          ;
; cycloneiii_lcell_comb ; 39                          ;
;     normal            ; 39                          ;
;         0 data inputs ; 2                           ;
;         1 data inputs ; 7                           ;
;         2 data inputs ; 3                           ;
;         3 data inputs ; 1                           ;
;         4 data inputs ; 26                          ;
;                       ;                             ;
; Max LUT depth         ; 6.00                        ;
; Average LUT depth     ; 3.69                        ;
+-----------------------+-----------------------------+


+-------------------------------+
; Elapsed Time Per Partition    ;
+----------------+--------------+
; Partition Name ; Elapsed Time ;
+----------------+--------------+
; Top            ; 00:00:00     ;
+----------------+--------------+


+-------------------------------+
; Analysis & Synthesis Messages ;
+-------------------------------+
Info: *******************************************************************
Info: Running Quartus Prime Analysis & Synthesis
    Info: Version 18.1.0 Build 625 09/12/2018 SJ Lite Edition
    Info: Processing started: Wed May 21 17:02:21 2025
Info: Command: quartus_map --read_settings_files=on --write_settings_files=off lab2 -c lab2
Warning (18236): Number of processors has not been specified which may cause overloading on shared machines.  Set the global assignment NUM_PARALLEL_PROCESSORS in your QSF to an appropriate value for best performance.
Info (20030): Parallel compilation is enabled and will use 6 of the 6 processors detected
Info (12021): Found 1 design units, including 1 entities, in source file lab2_half_adder.v
    Info (12023): Found entity 1: lab2_half_adder File: D:/Verilog/lab2_modulo2/lab2_half_adder.v Line: 1
Info (12021): Found 1 design units, including 1 entities, in source file lab2_full_adder.v
    Info (12023): Found entity 1: lab2_full_adder File: D:/Verilog/lab2_modulo2/lab2_full_adder.v Line: 1
Info (12021): Found 1 design units, including 1 entities, in source file lab2_adder_subtractor_parametrizable.v
    Info (12023): Found entity 1: lab2_adder_subtractor_parametrizable File: D:/Verilog/lab2_modulo2/lab2_adder_subtractor_parametrizable.v Line: 1
Info (12021): Found 1 design units, including 1 entities, in source file lab2_hex_7seg.v
    Info (12023): Found entity 1: lab2_hex_7seg File: D:/Verilog/lab2_modulo2/lab2_hex_7seg.v Line: 1
Info (12021): Found 1 design units, including 1 entities, in source file lab2_display_decimal.v
    Info (12023): Found entity 1: lab2_display_decimal File: D:/Verilog/lab2_modulo2/lab2_display_decimal.v Line: 1
Info (12021): Found 1 design units, including 1 entities, in source file lab2_top.v
    Info (12023): Found entity 1: lab2_top File: D:/Verilog/lab2_modulo2/lab2_top.v Line: 1
Info (12021): Found 1 design units, including 1 entities, in source file lab2_tb.v
    Info (12023): Found entity 1: lab2_tb File: D:/Verilog/lab2_modulo2/lab2_tb.v Line: 1
Info (12021): Found 1 design units, including 1 entities, in source file lab2_display_decimal_tb.v
    Info (12023): Found entity 1: lab2_display_decimal_tb File: D:/Verilog/lab2_modulo2/lab2_display_decimal_tb.v Line: 3
Info (12127): Elaborating entity "lab2_top" for the top level hierarchy
Warning (10034): Output port "LEDR[13..5]" at lab2_top.v(3) has no driver File: D:/Verilog/lab2_modulo2/lab2_top.v Line: 3
Warning (10034): Output port "LEDG[8..4]" at lab2_top.v(4) has no driver File: D:/Verilog/lab2_modulo2/lab2_top.v Line: 4
Info (12128): Elaborating entity "lab2_adder_subtractor_parametrizable" for hierarchy "lab2_adder_subtractor_parametrizable:calc" File: D:/Verilog/lab2_modulo2/lab2_top.v Line: 26
Info (12128): Elaborating entity "lab2_full_adder" for hierarchy "lab2_adder_subtractor_parametrizable:calc|lab2_full_adder:gen_full_adders[0].FA" File: D:/Verilog/lab2_modulo2/lab2_adder_subtractor_parametrizable.v Line: 24
Info (12128): Elaborating entity "lab2_display_decimal" for hierarchy "lab2_display_decimal:disp" File: D:/Verilog/lab2_modulo2/lab2_top.v Line: 36
Warning (10230): Verilog HDL assignment warning at lab2_display_decimal.v(15): truncated value with size 32 to match size of target (4) File: D:/Verilog/lab2_modulo2/lab2_display_decimal.v Line: 15
Warning (10230): Verilog HDL assignment warning at lab2_display_decimal.v(18): truncated value with size 5 to match size of target (4) File: D:/Verilog/lab2_modulo2/lab2_display_decimal.v Line: 18
Info (12128): Elaborating entity "lab2_hex_7seg" for hierarchy "lab2_display_decimal:disp|lab2_hex_7seg:u0" File: D:/Verilog/lab2_modulo2/lab2_display_decimal.v Line: 24
Warning (13024): Output pins are stuck at VCC or GND
    Warning (13410): Pin "LEDR[5]" is stuck at GND File: D:/Verilog/lab2_modulo2/lab2_top.v Line: 3
    Warning (13410): Pin "LEDR[6]" is stuck at GND File: D:/Verilog/lab2_modulo2/lab2_top.v Line: 3
    Warning (13410): Pin "LEDR[7]" is stuck at GND File: D:/Verilog/lab2_modulo2/lab2_top.v Line: 3
    Warning (13410): Pin "LEDR[8]" is stuck at GND File: D:/Verilog/lab2_modulo2/lab2_top.v Line: 3
    Warning (13410): Pin "LEDR[9]" is stuck at GND File: D:/Verilog/lab2_modulo2/lab2_top.v Line: 3
    Warning (13410): Pin "LEDR[10]" is stuck at GND File: D:/Verilog/lab2_modulo2/lab2_top.v Line: 3
    Warning (13410): Pin "LEDR[11]" is stuck at GND File: D:/Verilog/lab2_modulo2/lab2_top.v Line: 3
    Warning (13410): Pin "LEDR[12]" is stuck at GND File: D:/Verilog/lab2_modulo2/lab2_top.v Line: 3
    Warning (13410): Pin "LEDR[13]" is stuck at GND File: D:/Verilog/lab2_modulo2/lab2_top.v Line: 3
    Warning (13410): Pin "LEDG[4]" is stuck at GND File: D:/Verilog/lab2_modulo2/lab2_top.v Line: 4
    Warning (13410): Pin "LEDG[5]" is stuck at GND File: D:/Verilog/lab2_modulo2/lab2_top.v Line: 4
    Warning (13410): Pin "LEDG[6]" is stuck at GND File: D:/Verilog/lab2_modulo2/lab2_top.v Line: 4
    Warning (13410): Pin "LEDG[7]" is stuck at GND File: D:/Verilog/lab2_modulo2/lab2_top.v Line: 4
    Warning (13410): Pin "LEDG[8]" is stuck at GND File: D:/Verilog/lab2_modulo2/lab2_top.v Line: 4
    Warning (13410): Pin "HEX1[0]" is stuck at VCC File: D:/Verilog/lab2_modulo2/lab2_top.v Line: 5
    Warning (13410): Pin "HEX1[1]" is stuck at VCC File: D:/Verilog/lab2_modulo2/lab2_top.v Line: 5
    Warning (13410): Pin "HEX1[2]" is stuck at VCC File: D:/Verilog/lab2_modulo2/lab2_top.v Line: 5
    Warning (13410): Pin "HEX1[3]" is stuck at VCC File: D:/Verilog/lab2_modulo2/lab2_top.v Line: 5
    Warning (13410): Pin "HEX1[4]" is stuck at VCC File: D:/Verilog/lab2_modulo2/lab2_top.v Line: 5
    Warning (13410): Pin "HEX1[5]" is stuck at VCC File: D:/Verilog/lab2_modulo2/lab2_top.v Line: 5
    Warning (13410): Pin "HEX1[6]" is stuck at GND File: D:/Verilog/lab2_modulo2/lab2_top.v Line: 5
    Warning (13410): Pin "HEX2[0]" is stuck at GND File: D:/Verilog/lab2_modulo2/lab2_top.v Line: 5
    Warning (13410): Pin "HEX2[1]" is stuck at GND File: D:/Verilog/lab2_modulo2/lab2_top.v Line: 5
    Warning (13410): Pin "HEX2[2]" is stuck at GND File: D:/Verilog/lab2_modulo2/lab2_top.v Line: 5
    Warning (13410): Pin "HEX2[3]" is stuck at GND File: D:/Verilog/lab2_modulo2/lab2_top.v Line: 5
    Warning (13410): Pin "HEX2[4]" is stuck at GND File: D:/Verilog/lab2_modulo2/lab2_top.v Line: 5
    Warning (13410): Pin "HEX2[5]" is stuck at GND File: D:/Verilog/lab2_modulo2/lab2_top.v Line: 5
    Warning (13410): Pin "HEX4[0]" is stuck at VCC File: D:/Verilog/lab2_modulo2/lab2_top.v Line: 6
    Warning (13410): Pin "HEX4[1]" is stuck at VCC File: D:/Verilog/lab2_modulo2/lab2_top.v Line: 6
    Warning (13410): Pin "HEX4[2]" is stuck at VCC File: D:/Verilog/lab2_modulo2/lab2_top.v Line: 6
    Warning (13410): Pin "HEX4[3]" is stuck at VCC File: D:/Verilog/lab2_modulo2/lab2_top.v Line: 6
    Warning (13410): Pin "HEX4[4]" is stuck at VCC File: D:/Verilog/lab2_modulo2/lab2_top.v Line: 6
    Warning (13410): Pin "HEX4[5]" is stuck at VCC File: D:/Verilog/lab2_modulo2/lab2_top.v Line: 6
    Warning (13410): Pin "HEX4[6]" is stuck at VCC File: D:/Verilog/lab2_modulo2/lab2_top.v Line: 6
Info (286030): Timing-Driven Synthesis is running
Info (16010): Generating hard_block partition "hard_block:auto_generated_inst"
    Info (16011): Adding 0 node(s), including 0 DDIO, 0 PLL, 0 transceiver and 0 LCELL
Warning (21074): Design contains 9 input pin(s) that do not drive logic
    Warning (15610): No output dependent on input pin "SW[5]" File: D:/Verilog/lab2_modulo2/lab2_top.v Line: 2
    Warning (15610): No output dependent on input pin "SW[6]" File: D:/Verilog/lab2_modulo2/lab2_top.v Line: 2
    Warning (15610): No output dependent on input pin "SW[7]" File: D:/Verilog/lab2_modulo2/lab2_top.v Line: 2
    Warning (15610): No output dependent on input pin "SW[8]" File: D:/Verilog/lab2_modulo2/lab2_top.v Line: 2
    Warning (15610): No output dependent on input pin "SW[9]" File: D:/Verilog/lab2_modulo2/lab2_top.v Line: 2
    Warning (15610): No output dependent on input pin "SW[10]" File: D:/Verilog/lab2_modulo2/lab2_top.v Line: 2
    Warning (15610): No output dependent on input pin "SW[11]" File: D:/Verilog/lab2_modulo2/lab2_top.v Line: 2
    Warning (15610): No output dependent on input pin "SW[12]" File: D:/Verilog/lab2_modulo2/lab2_top.v Line: 2
    Warning (15610): No output dependent on input pin "SW[13]" File: D:/Verilog/lab2_modulo2/lab2_top.v Line: 2
Info (21057): Implemented 117 device resources after synthesis - the final resource count might be different
    Info (21058): Implemented 18 input pins
    Info (21059): Implemented 69 output pins
    Info (21061): Implemented 30 logic cells
Info: Quartus Prime Analysis & Synthesis was successful. 0 errors, 50 warnings
    Info: Peak virtual memory: 4755 megabytes
    Info: Processing ended: Wed May 21 17:02:34 2025
    Info: Elapsed time: 00:00:13
    Info: Total CPU time (on all processors): 00:00:25


