Analysis & Synthesis report for alu_bcd
Wed May 21 22:53:25 2025
Quartus Prime Version 18.1.0 Build 625 09/12/2018 SJ Lite Edition


---------------------
; Table of Contents ;
---------------------
  1. Legal Notice
  2. Analysis & Synthesis Summary
  3. Analysis & Synthesis Settings
  4. Parallel Compilation
  5. Analysis & Synthesis Source Files Read
  6. Analysis & Synthesis Resource Usage Summary
  7. Analysis & Synthesis Resource Utilization by Entity
  8. General Register Statistics
  9. Multiplexer Restructuring Statistics (Restructuring Performed)
 10. Parameter Settings for Inferred Entity Instance: alu4bit:alu_inst|lpm_mult:Mult0
 11. lpm_mult Parameter Settings by Entity Instance
 12. Port Connectivity Checks: "binary_to_bcd:bcd_b"
 13. Port Connectivity Checks: "binary_to_bcd:bcd_a"
 14. Post-Synthesis Netlist Statistics for Top Partition
 15. Elapsed Time Per Partition
 16. Analysis & Synthesis Messages



----------------
; Legal Notice ;
----------------
Copyright (C) 2018  Intel Corporation. All rights reserved.
Your use of Intel Corporation's design tools, logic functions 
and other software and tools, and its AMPP partner logic 
functions, and any output files from any of the foregoing 
(including device programming or simulation files), and any 
associated documentation or information are expressly subject 
to the terms and conditions of the Intel Program License 
Subscription Agreement, the Intel Quartus Prime License Agreement,
the Intel FPGA IP License Agreement, or other applicable license
agreement, including, without limitation, that your use is for
the sole purpose of programming logic devices manufactured by
Intel and sold by Intel or its authorized distributors.  Please
refer to the applicable agreement for further details.



+----------------------------------------------------------------------------------+
; Analysis & Synthesis Summary                                                     ;
+------------------------------------+---------------------------------------------+
; Analysis & Synthesis Status        ; Successful - Wed May 21 22:53:25 2025       ;
; Quartus Prime Version              ; 18.1.0 Build 625 09/12/2018 SJ Lite Edition ;
; Revision Name                      ; alu_bcd                                     ;
; Top-level Entity Name              ; top                                         ;
; Family                             ; Cyclone IV E                                ;
; Total logic elements               ; 232                                         ;
;     Total combinational functions  ; 232                                         ;
;     Dedicated logic registers      ; 0                                           ;
; Total registers                    ; 0                                           ;
; Total pins                         ; 100                                         ;
; Total virtual pins                 ; 0                                           ;
; Total memory bits                  ; 0                                           ;
; Embedded Multiplier 9-bit elements ; 0                                           ;
; Total PLLs                         ; 0                                           ;
+------------------------------------+---------------------------------------------+


+------------------------------------------------------------------------------------------------------------+
; Analysis & Synthesis Settings                                                                              ;
+------------------------------------------------------------------+--------------------+--------------------+
; Option                                                           ; Setting            ; Default Value      ;
+------------------------------------------------------------------+--------------------+--------------------+
; Device                                                           ; EP4CE115F29C7      ;                    ;
; Top-level entity name                                            ; top                ; alu_bcd            ;
; Family name                                                      ; Cyclone IV E       ; Cyclone V          ;
; Use smart compilation                                            ; Off                ; Off                ;
; Enable parallel Assembler and Timing Analyzer during compilation ; On                 ; On                 ;
; Enable compact report table                                      ; Off                ; Off                ;
; Restructure Multiplexers                                         ; Auto               ; Auto               ;
; Create Debugging Nodes for IP Cores                              ; Off                ; Off                ;
; Preserve fewer node names                                        ; On                 ; On                 ;
; Intel FPGA IP Evaluation Mode                                    ; Enable             ; Enable             ;
; Verilog Version                                                  ; Verilog_2001       ; Verilog_2001       ;
; VHDL Version                                                     ; VHDL_1993          ; VHDL_1993          ;
; State Machine Processing                                         ; Auto               ; Auto               ;
; Safe State Machine                                               ; Off                ; Off                ;
; Extract Verilog State Machines                                   ; On                 ; On                 ;
; Extract VHDL State Machines                                      ; On                 ; On                 ;
; Ignore Verilog initial constructs                                ; Off                ; Off                ;
; Iteration limit for constant Verilog loops                       ; 5000               ; 5000               ;
; Iteration limit for non-constant Verilog loops                   ; 250                ; 250                ;
; Add Pass-Through Logic to Inferred RAMs                          ; On                 ; On                 ;
; Infer RAMs from Raw Logic                                        ; On                 ; On                 ;
; Parallel Synthesis                                               ; On                 ; On                 ;
; DSP Block Balancing                                              ; Auto               ; Auto               ;
; NOT Gate Push-Back                                               ; On                 ; On                 ;
; Power-Up Don't Care                                              ; On                 ; On                 ;
; Remove Redundant Logic Cells                                     ; Off                ; Off                ;
; Remove Duplicate Registers                                       ; On                 ; On                 ;
; Ignore CARRY Buffers                                             ; Off                ; Off                ;
; Ignore CASCADE Buffers                                           ; Off                ; Off                ;
; Ignore GLOBAL Buffers                                            ; Off                ; Off                ;
; Ignore ROW GLOBAL Buffers                                        ; Off                ; Off                ;
; Ignore LCELL Buffers                                             ; Off                ; Off                ;
; Ignore SOFT Buffers                                              ; On                 ; On                 ;
; Limit AHDL Integers to 32 Bits                                   ; Off                ; Off                ;
; Optimization Technique                                           ; Balanced           ; Balanced           ;
; Carry Chain Length                                               ; 70                 ; 70                 ;
; Auto Carry Chains                                                ; On                 ; On                 ;
; Auto Open-Drain Pins                                             ; On                 ; On                 ;
; Perform WYSIWYG Primitive Resynthesis                            ; Off                ; Off                ;
; Auto ROM Replacement                                             ; On                 ; On                 ;
; Auto RAM Replacement                                             ; On                 ; On                 ;
; Auto DSP Block Replacement                                       ; On                 ; On                 ;
; Auto Shift Register Replacement                                  ; Auto               ; Auto               ;
; Allow Shift Register Merging across Hierarchies                  ; Auto               ; Auto               ;
; Auto Clock Enable Replacement                                    ; On                 ; On                 ;
; Strict RAM Replacement                                           ; Off                ; Off                ;
; Allow Synchronous Control Signals                                ; On                 ; On                 ;
; Force Use of Synchronous Clear Signals                           ; Off                ; Off                ;
; Auto RAM Block Balancing                                         ; On                 ; On                 ;
; Auto RAM to Logic Cell Conversion                                ; Off                ; Off                ;
; Auto Resource Sharing                                            ; Off                ; Off                ;
; Allow Any RAM Size For Recognition                               ; Off                ; Off                ;
; Allow Any ROM Size For Recognition                               ; Off                ; Off                ;
; Allow Any Shift Register Size For Recognition                    ; Off                ; Off                ;
; Use LogicLock Constraints during Resource Balancing              ; On                 ; On                 ;
; Ignore translate_off and synthesis_off directives                ; Off                ; Off                ;
; Timing-Driven Synthesis                                          ; On                 ; On                 ;
; Report Parameter Settings                                        ; On                 ; On                 ;
; Report Source Assignments                                        ; On                 ; On                 ;
; Report Connectivity Checks                                       ; On                 ; On                 ;
; Ignore Maximum Fan-Out Assignments                               ; Off                ; Off                ;
; Synchronization Register Chain Length                            ; 2                  ; 2                  ;
; Power Optimization During Synthesis                              ; Normal compilation ; Normal compilation ;
; HDL message level                                                ; Level2             ; Level2             ;
; Suppress Register Optimization Related Messages                  ; Off                ; Off                ;
; Number of Removed Registers Reported in Synthesis Report         ; 5000               ; 5000               ;
; Number of Swept Nodes Reported in Synthesis Report               ; 5000               ; 5000               ;
; Number of Inverted Registers Reported in Synthesis Report        ; 100                ; 100                ;
; Clock MUX Protection                                             ; On                 ; On                 ;
; Auto Gated Clock Conversion                                      ; Off                ; Off                ;
; Block Design Naming                                              ; Auto               ; Auto               ;
; SDC constraint protection                                        ; Off                ; Off                ;
; Synthesis Effort                                                 ; Auto               ; Auto               ;
; Shift Register Replacement - Allow Asynchronous Clear Signal     ; On                 ; On                 ;
; Pre-Mapping Resynthesis Optimization                             ; Off                ; Off                ;
; Analysis & Synthesis Message Level                               ; Medium             ; Medium             ;
; Disable Register Merging Across Hierarchies                      ; Auto               ; Auto               ;
; Resource Aware Inference For Block RAM                           ; On                 ; On                 ;
+------------------------------------------------------------------+--------------------+--------------------+


+------------------------------------------+
; Parallel Compilation                     ;
+----------------------------+-------------+
; Processors                 ; Number      ;
+----------------------------+-------------+
; Number detected on machine ; 12          ;
; Maximum allowed            ; 6           ;
;                            ;             ;
; Average used               ; 1.00        ;
; Maximum used               ; 1           ;
;                            ;             ;
; Usage by Processor         ; % Time Used ;
;     Processor 1            ; 100.0%      ;
+----------------------------+-------------+


+----------------------------------------------------------------------------------------------------------------------------------------------------------------------+
; Analysis & Synthesis Source Files Read                                                                                                                               ;
+----------------------------------+-----------------+------------------------------+------------------------------------------------------------------------+---------+
; File Name with User-Entered Path ; Used in Netlist ; File Type                    ; File Name with Absolute Path                                           ; Library ;
+----------------------------------+-----------------+------------------------------+------------------------------------------------------------------------+---------+
; alu4bit.v                        ; yes             ; User Verilog HDL File        ; D:/Verilog/Lab5/alu4bit.v                                              ;         ;
; top.v                            ; yes             ; User Verilog HDL File        ; D:/Verilog/Lab5/top.v                                                  ;         ;
; hex7seg.v                        ; yes             ; User Verilog HDL File        ; D:/Verilog/Lab5/hex7seg.v                                              ;         ;
; binary_to_bcd.v                  ; yes             ; User Verilog HDL File        ; D:/Verilog/Lab5/binary_to_bcd.v                                        ;         ;
; lpm_mult.tdf                     ; yes             ; Megafunction                 ; c:/intelfpga_lite/18.1/quartus/libraries/megafunctions/lpm_mult.tdf    ;         ;
; aglobal181.inc                   ; yes             ; Megafunction                 ; c:/intelfpga_lite/18.1/quartus/libraries/megafunctions/aglobal181.inc  ;         ;
; lpm_add_sub.inc                  ; yes             ; Megafunction                 ; c:/intelfpga_lite/18.1/quartus/libraries/megafunctions/lpm_add_sub.inc ;         ;
; multcore.inc                     ; yes             ; Megafunction                 ; c:/intelfpga_lite/18.1/quartus/libraries/megafunctions/multcore.inc    ;         ;
; bypassff.inc                     ; yes             ; Megafunction                 ; c:/intelfpga_lite/18.1/quartus/libraries/megafunctions/bypassff.inc    ;         ;
; altshift.inc                     ; yes             ; Megafunction                 ; c:/intelfpga_lite/18.1/quartus/libraries/megafunctions/altshift.inc    ;         ;
; db/mult_j8t.tdf                  ; yes             ; Auto-Generated Megafunction  ; D:/Verilog/Lab5/db/mult_j8t.tdf                                        ;         ;
+----------------------------------+-----------------+------------------------------+------------------------------------------------------------------------+---------+


+-----------------------------------------------------------+
; Analysis & Synthesis Resource Usage Summary               ;
+---------------------------------------------+-------------+
; Resource                                    ; Usage       ;
+---------------------------------------------+-------------+
; Estimated Total logic elements              ; 232         ;
;                                             ;             ;
; Total combinational functions               ; 232         ;
; Logic element usage by number of LUT inputs ;             ;
;     -- 4 input functions                    ; 158         ;
;     -- 3 input functions                    ; 55          ;
;     -- <=2 input functions                  ; 19          ;
;                                             ;             ;
; Logic elements by mode                      ;             ;
;     -- normal mode                          ; 205         ;
;     -- arithmetic mode                      ; 27          ;
;                                             ;             ;
; Total registers                             ; 0           ;
;     -- Dedicated logic registers            ; 0           ;
;     -- I/O registers                        ; 0           ;
;                                             ;             ;
; I/O pins                                    ; 100         ;
;                                             ;             ;
; Embedded Multiplier 9-bit elements          ; 0           ;
;                                             ;             ;
; Maximum fan-out node                        ; SW[5]~input ;
; Maximum fan-out                             ; 50          ;
; Total fan-out                               ; 994         ;
; Average fan-out                             ; 2.30        ;
+---------------------------------------------+-------------+


+-------------------------------------------------------------------------------------------------------------------------------------------------------------------------------------------------------------------------------------------------------------+
; Analysis & Synthesis Resource Utilization by Entity                                                                                                                                                                                                         ;
+------------------------------------+---------------------+---------------------------+-------------+--------------+---------+-----------+------+--------------+--------------------------------------------------------------+---------------+--------------+
; Compilation Hierarchy Node         ; Combinational ALUTs ; Dedicated Logic Registers ; Memory Bits ; DSP Elements ; DSP 9x9 ; DSP 18x18 ; Pins ; Virtual Pins ; Full Hierarchy Name                                          ; Entity Name   ; Library Name ;
+------------------------------------+---------------------+---------------------------+-------------+--------------+---------+-----------+------+--------------+--------------------------------------------------------------+---------------+--------------+
; |top                               ; 232 (38)            ; 0 (0)                     ; 0           ; 0            ; 0       ; 0         ; 100  ; 0            ; |top                                                         ; top           ; work         ;
;    |alu4bit:alu_inst|              ; 142 (112)           ; 0 (0)                     ; 0           ; 0            ; 0       ; 0         ; 0    ; 0            ; |top|alu4bit:alu_inst                                        ; alu4bit       ; work         ;
;       |lpm_mult:Mult0|             ; 30 (0)              ; 0 (0)                     ; 0           ; 0            ; 0       ; 0         ; 0    ; 0            ; |top|alu4bit:alu_inst|lpm_mult:Mult0                         ; lpm_mult      ; work         ;
;          |mult_j8t:auto_generated| ; 30 (30)             ; 0 (0)                     ; 0           ; 0            ; 0       ; 0         ; 0    ; 0            ; |top|alu4bit:alu_inst|lpm_mult:Mult0|mult_j8t:auto_generated ; mult_j8t      ; work         ;
;    |binary_to_bcd:bcd_r|           ; 21 (21)             ; 0 (0)                     ; 0           ; 0            ; 0       ; 0         ; 0    ; 0            ; |top|binary_to_bcd:bcd_r                                     ; binary_to_bcd ; work         ;
;    |hex7seg:h0|                    ; 7 (7)               ; 0 (0)                     ; 0           ; 0            ; 0       ; 0         ; 0    ; 0            ; |top|hex7seg:h0                                              ; hex7seg       ; work         ;
;    |hex7seg:h1|                    ; 7 (7)               ; 0 (0)                     ; 0           ; 0            ; 0       ; 0         ; 0    ; 0            ; |top|hex7seg:h1                                              ; hex7seg       ; work         ;
;    |hex7seg:h2|                    ; 3 (3)               ; 0 (0)                     ; 0           ; 0            ; 0       ; 0         ; 0    ; 0            ; |top|hex7seg:h2                                              ; hex7seg       ; work         ;
;    |hex7seg:h4|                    ; 7 (7)               ; 0 (0)                     ; 0           ; 0            ; 0       ; 0         ; 0    ; 0            ; |top|hex7seg:h4                                              ; hex7seg       ; work         ;
;    |hex7seg:h6|                    ; 7 (7)               ; 0 (0)                     ; 0           ; 0            ; 0       ; 0         ; 0    ; 0            ; |top|hex7seg:h6                                              ; hex7seg       ; work         ;
+------------------------------------+---------------------+---------------------------+-------------+--------------+---------+-----------+------+--------------+--------------------------------------------------------------+---------------+--------------+
Note: For table entries with two numbers listed, the numbers in parentheses indicate the number of resources of the given type used by the specific entity alone. The numbers listed outside of parentheses indicate the total resources of the given type used by the specific entity and all of its sub-entities in the hierarchy.


+------------------------------------------------------+
; General Register Statistics                          ;
+----------------------------------------------+-------+
; Statistic                                    ; Value ;
+----------------------------------------------+-------+
; Total registers                              ; 0     ;
; Number of registers using Synchronous Clear  ; 0     ;
; Number of registers using Synchronous Load   ; 0     ;
; Number of registers using Asynchronous Clear ; 0     ;
; Number of registers using Asynchronous Load  ; 0     ;
; Number of registers using Clock Enable       ; 0     ;
; Number of registers using Preset             ; 0     ;
+----------------------------------------------+-------+


+-------------------------------------------------------------------------------------------------------------------------------------------------+
; Multiplexer Restructuring Statistics (Restructuring Performed)                                                                                  ;
+--------------------+-----------+---------------+----------------------+------------------------+------------+-----------------------------------+
; Multiplexer Inputs ; Bus Width ; Baseline Area ; Area if Restructured ; Saving if Restructured ; Registered ; Example Multiplexer Output        ;
+--------------------+-----------+---------------+----------------------+------------------------+------------+-----------------------------------+
; 3:1                ; 2 bits    ; 4 LEs         ; 4 LEs                ; 0 LEs                  ; No         ; |top|alu4bit:alu_inst|ShiftRight0 ;
; 3:1                ; 4 bits    ; 8 LEs         ; 4 LEs                ; 4 LEs                  ; No         ; |top|alu4bit:alu_inst|ShiftLeft2  ;
; 3:1                ; 4 bits    ; 8 LEs         ; 8 LEs                ; 0 LEs                  ; No         ; |top|comb                         ;
; 3:1                ; 3 bits    ; 6 LEs         ; 6 LEs                ; 0 LEs                  ; No         ; |top|comb                         ;
; 3:1                ; 2 bits    ; 4 LEs         ; 2 LEs                ; 2 LEs                  ; No         ; |top|comb                         ;
; 3:1                ; 2 bits    ; 4 LEs         ; 2 LEs                ; 2 LEs                  ; No         ; |top|comb                         ;
; 4:1                ; 4 bits    ; 8 LEs         ; 8 LEs                ; 0 LEs                  ; No         ; |top|alu4bit:alu_inst|ShiftRight1 ;
; 20:1               ; 3 bits    ; 39 LEs        ; 27 LEs               ; 12 LEs                 ; No         ; |top|alu4bit:alu_inst|Mux5        ;
; 11:1               ; 2 bits    ; 14 LEs        ; 8 LEs                ; 6 LEs                  ; No         ; |top|alu4bit:alu_inst|Mux1        ;
+--------------------+-----------+---------------+----------------------+------------------------+------------+-----------------------------------+


+-------------------------------------------------------------------------------------+
; Parameter Settings for Inferred Entity Instance: alu4bit:alu_inst|lpm_mult:Mult0    ;
+------------------------------------------------+--------------+---------------------+
; Parameter Name                                 ; Value        ; Type                ;
+------------------------------------------------+--------------+---------------------+
; AUTO_CARRY_CHAINS                              ; ON           ; AUTO_CARRY          ;
; IGNORE_CARRY_BUFFERS                           ; OFF          ; IGNORE_CARRY        ;
; AUTO_CASCADE_CHAINS                            ; ON           ; AUTO_CASCADE        ;
; IGNORE_CASCADE_BUFFERS                         ; OFF          ; IGNORE_CASCADE      ;
; LPM_WIDTHA                                     ; 4            ; Untyped             ;
; LPM_WIDTHB                                     ; 4            ; Untyped             ;
; LPM_WIDTHP                                     ; 8            ; Untyped             ;
; LPM_WIDTHR                                     ; 8            ; Untyped             ;
; LPM_WIDTHS                                     ; 1            ; Untyped             ;
; LPM_REPRESENTATION                             ; UNSIGNED     ; Untyped             ;
; LPM_PIPELINE                                   ; 0            ; Untyped             ;
; LATENCY                                        ; 0            ; Untyped             ;
; INPUT_A_IS_CONSTANT                            ; NO           ; Untyped             ;
; INPUT_B_IS_CONSTANT                            ; NO           ; Untyped             ;
; USE_EAB                                        ; OFF          ; Untyped             ;
; MAXIMIZE_SPEED                                 ; 5            ; Untyped             ;
; DEVICE_FAMILY                                  ; Cyclone IV E ; Untyped             ;
; CARRY_CHAIN                                    ; MANUAL       ; Untyped             ;
; APEX20K_TECHNOLOGY_MAPPER                      ; LUT          ; TECH_MAPPER_APEX20K ;
; DEDICATED_MULTIPLIER_CIRCUITRY                 ; AUTO         ; Untyped             ;
; DEDICATED_MULTIPLIER_MIN_INPUT_WIDTH_FOR_AUTO  ; 0            ; Untyped             ;
; DEDICATED_MULTIPLIER_MIN_OUTPUT_WIDTH_FOR_AUTO ; 0            ; Untyped             ;
; CBXI_PARAMETER                                 ; mult_j8t     ; Untyped             ;
; INPUT_A_FIXED_VALUE                            ; Bx           ; Untyped             ;
; INPUT_B_FIXED_VALUE                            ; Bx           ; Untyped             ;
; USE_AHDL_IMPLEMENTATION                        ; OFF          ; Untyped             ;
+------------------------------------------------+--------------+---------------------+
Note: In order to hide this table in the UI and the text report file, please set the "Show Parameter Settings in Synthesis Report" option in "Analysis and Synthesis Settings -> More Settings" to "Off".


+-------------------------------------------------------------------------+
; lpm_mult Parameter Settings by Entity Instance                          ;
+---------------------------------------+---------------------------------+
; Name                                  ; Value                           ;
+---------------------------------------+---------------------------------+
; Number of entity instances            ; 1                               ;
; Entity Instance                       ; alu4bit:alu_inst|lpm_mult:Mult0 ;
;     -- LPM_WIDTHA                     ; 4                               ;
;     -- LPM_WIDTHB                     ; 4                               ;
;     -- LPM_WIDTHP                     ; 8                               ;
;     -- LPM_REPRESENTATION             ; UNSIGNED                        ;
;     -- INPUT_A_IS_CONSTANT            ; NO                              ;
;     -- INPUT_B_IS_CONSTANT            ; NO                              ;
;     -- USE_EAB                        ; OFF                             ;
;     -- DEDICATED_MULTIPLIER_CIRCUITRY ; AUTO                            ;
;     -- INPUT_A_FIXED_VALUE            ; Bx                              ;
;     -- INPUT_B_FIXED_VALUE            ; Bx                              ;
+---------------------------------------+---------------------------------+


+-----------------------------------------------------------+
; Port Connectivity Checks: "binary_to_bcd:bcd_b"           ;
+--------------+--------+----------+------------------------+
; Port         ; Type   ; Severity ; Details                ;
+--------------+--------+----------+------------------------+
; binary[7..4] ; Input  ; Info     ; Stuck at GND           ;
; hundreds     ; Output ; Info     ; Explicitly unconnected ;
+--------------+--------+----------+------------------------+


+-----------------------------------------------------------+
; Port Connectivity Checks: "binary_to_bcd:bcd_a"           ;
+--------------+--------+----------+------------------------+
; Port         ; Type   ; Severity ; Details                ;
+--------------+--------+----------+------------------------+
; binary[7..4] ; Input  ; Info     ; Stuck at GND           ;
; hundreds     ; Output ; Info     ; Explicitly unconnected ;
+--------------+--------+----------+------------------------+


+-----------------------------------------------------+
; Post-Synthesis Netlist Statistics for Top Partition ;
+-----------------------+-----------------------------+
; Type                  ; Count                       ;
+-----------------------+-----------------------------+
; boundary_port         ; 100                         ;
; cycloneiii_lcell_comb ; 242                         ;
;     arith             ; 27                          ;
;         2 data inputs ; 6                           ;
;         3 data inputs ; 21                          ;
;     normal            ; 215                         ;
;         0 data inputs ; 4                           ;
;         1 data inputs ; 8                           ;
;         2 data inputs ; 11                          ;
;         3 data inputs ; 34                          ;
;         4 data inputs ; 158                         ;
;                       ;                             ;
; Max LUT depth         ; 17.30                       ;
; Average LUT depth     ; 14.44                       ;
+-----------------------+-----------------------------+


+-------------------------------+
; Elapsed Time Per Partition    ;
+----------------+--------------+
; Partition Name ; Elapsed Time ;
+----------------+--------------+
; Top            ; 00:00:01     ;
+----------------+--------------+


+-------------------------------+
; Analysis & Synthesis Messages ;
+-------------------------------+
Info: *******************************************************************
Info: Running Quartus Prime Analysis & Synthesis
    Info: Version 18.1.0 Build 625 09/12/2018 SJ Lite Edition
    Info: Processing started: Wed May 21 22:53:13 2025
Info: Command: quartus_map --read_settings_files=on --write_settings_files=off alu_bcd -c alu_bcd
Warning (18236): Number of processors has not been specified which may cause overloading on shared machines.  Set the global assignment NUM_PARALLEL_PROCESSORS in your QSF to an appropriate value for best performance.
Info (20030): Parallel compilation is enabled and will use 6 of the 6 processors detected
Info (12021): Found 1 design units, including 1 entities, in source file alu4bit.v
    Info (12023): Found entity 1: alu4bit File: D:/Verilog/Lab5/alu4bit.v Line: 1
Info (12021): Found 1 design units, including 1 entities, in source file top.v
    Info (12023): Found entity 1: top File: D:/Verilog/Lab5/top.v Line: 1
Info (12021): Found 1 design units, including 1 entities, in source file hex7seg.v
    Info (12023): Found entity 1: hex7seg File: D:/Verilog/Lab5/hex7seg.v Line: 1
Info (12021): Found 1 design units, including 1 entities, in source file binary_to_bcd.v
    Info (12023): Found entity 1: binary_to_bcd File: D:/Verilog/Lab5/binary_to_bcd.v Line: 1
Info (12021): Found 1 design units, including 1 entities, in source file tb_alu4bit.v
    Info (12023): Found entity 1: tb_alu4bit File: D:/Verilog/Lab5/tb_alu4bit.v Line: 1
Info (12127): Elaborating entity "top" for the top level hierarchy
Warning (10034): Output port "LEDR[13..8]" at top.v(6) has no driver File: D:/Verilog/Lab5/top.v Line: 6
Info (12128): Elaborating entity "alu4bit" for hierarchy "alu4bit:alu_inst" File: D:/Verilog/Lab5/top.v Line: 19
Info (12128): Elaborating entity "binary_to_bcd" for hierarchy "binary_to_bcd:bcd_a" File: D:/Verilog/Lab5/top.v Line: 21
Warning (10230): Verilog HDL assignment warning at binary_to_bcd.v(12): truncated value with size 32 to match size of target (4) File: D:/Verilog/Lab5/binary_to_bcd.v Line: 12
Warning (10230): Verilog HDL assignment warning at binary_to_bcd.v(13): truncated value with size 32 to match size of target (4) File: D:/Verilog/Lab5/binary_to_bcd.v Line: 13
Info (12128): Elaborating entity "hex7seg" for hierarchy "hex7seg:h0" File: D:/Verilog/Lab5/top.v Line: 32
Info (278001): Inferred 1 megafunctions from design logic
    Info (278003): Inferred multiplier megafunction ("lpm_mult") from the following logic: "alu4bit:alu_inst|Mult0" File: D:/Verilog/Lab5/alu4bit.v Line: 24
Info (12130): Elaborated megafunction instantiation "alu4bit:alu_inst|lpm_mult:Mult0" File: D:/Verilog/Lab5/alu4bit.v Line: 24
Info (12133): Instantiated megafunction "alu4bit:alu_inst|lpm_mult:Mult0" with the following parameter: File: D:/Verilog/Lab5/alu4bit.v Line: 24
    Info (12134): Parameter "LPM_WIDTHA" = "4"
    Info (12134): Parameter "LPM_WIDTHB" = "4"
    Info (12134): Parameter "LPM_WIDTHP" = "8"
    Info (12134): Parameter "LPM_WIDTHR" = "8"
    Info (12134): Parameter "LPM_WIDTHS" = "1"
    Info (12134): Parameter "LPM_REPRESENTATION" = "UNSIGNED"
    Info (12134): Parameter "INPUT_A_IS_CONSTANT" = "NO"
    Info (12134): Parameter "INPUT_B_IS_CONSTANT" = "NO"
    Info (12134): Parameter "MAXIMIZE_SPEED" = "5"
Info (12021): Found 1 design units, including 1 entities, in source file db/mult_j8t.tdf
    Info (12023): Found entity 1: mult_j8t File: D:/Verilog/Lab5/db/mult_j8t.tdf Line: 28
Warning (14284): Synthesized away the following node(s):
    Warning (14285): Synthesized away the following LCELL buffer node(s):
        Warning (14320): Synthesized away node "alu4bit:alu_inst|lpm_mult:Mult0|mult_j8t:auto_generated|le5a[4]" File: D:/Verilog/Lab5/db/mult_j8t.tdf Line: 42
Info (13014): Ignored 48 buffer(s)
    Info (13016): Ignored 4 CARRY_SUM buffer(s)
    Info (13019): Ignored 44 SOFT buffer(s)
Warning (13024): Output pins are stuck at VCC or GND
    Warning (13410): Pin "HEX2[1]" is stuck at GND File: D:/Verilog/Lab5/top.v Line: 3
    Warning (13410): Pin "HEX3[0]" is stuck at VCC File: D:/Verilog/Lab5/top.v Line: 3
    Warning (13410): Pin "HEX3[1]" is stuck at VCC File: D:/Verilog/Lab5/top.v Line: 3
    Warning (13410): Pin "HEX3[2]" is stuck at VCC File: D:/Verilog/Lab5/top.v Line: 3
    Warning (13410): Pin "HEX3[3]" is stuck at VCC File: D:/Verilog/Lab5/top.v Line: 3
    Warning (13410): Pin "HEX3[4]" is stuck at VCC File: D:/Verilog/Lab5/top.v Line: 3
    Warning (13410): Pin "HEX3[5]" is stuck at VCC File: D:/Verilog/Lab5/top.v Line: 3
    Warning (13410): Pin "HEX5[1]" is stuck at GND File: D:/Verilog/Lab5/top.v Line: 3
    Warning (13410): Pin "HEX5[2]" is stuck at GND File: D:/Verilog/Lab5/top.v Line: 3
    Warning (13410): Pin "HEX5[6]" is stuck at VCC File: D:/Verilog/Lab5/top.v Line: 3
    Warning (13410): Pin "HEX7[1]" is stuck at GND File: D:/Verilog/Lab5/top.v Line: 3
    Warning (13410): Pin "HEX7[2]" is stuck at GND File: D:/Verilog/Lab5/top.v Line: 3
    Warning (13410): Pin "HEX7[6]" is stuck at VCC File: D:/Verilog/Lab5/top.v Line: 3
    Warning (13410): Pin "LEDR[8]" is stuck at GND File: D:/Verilog/Lab5/top.v Line: 6
    Warning (13410): Pin "LEDR[9]" is stuck at GND File: D:/Verilog/Lab5/top.v Line: 6
    Warning (13410): Pin "LEDR[10]" is stuck at GND File: D:/Verilog/Lab5/top.v Line: 6
    Warning (13410): Pin "LEDR[11]" is stuck at GND File: D:/Verilog/Lab5/top.v Line: 6
    Warning (13410): Pin "LEDR[12]" is stuck at GND File: D:/Verilog/Lab5/top.v Line: 6
    Warning (13410): Pin "LEDR[13]" is stuck at GND File: D:/Verilog/Lab5/top.v Line: 6
Info (286030): Timing-Driven Synthesis is running
Info (16010): Generating hard_block partition "hard_block:auto_generated_inst"
    Info (16011): Adding 0 node(s), including 0 DDIO, 0 PLL, 0 transceiver and 0 LCELL
Warning (21074): Design contains 5 input pin(s) that do not drive logic
    Warning (15610): No output dependent on input pin "SW[8]" File: D:/Verilog/Lab5/top.v Line: 2
    Warning (15610): No output dependent on input pin "SW[9]" File: D:/Verilog/Lab5/top.v Line: 2
    Warning (15610): No output dependent on input pin "SW[10]" File: D:/Verilog/Lab5/top.v Line: 2
    Warning (15610): No output dependent on input pin "SW[11]" File: D:/Verilog/Lab5/top.v Line: 2
    Warning (15610): No output dependent on input pin "SW[12]" File: D:/Verilog/Lab5/top.v Line: 2
Info (21057): Implemented 332 device resources after synthesis - the final resource count might be different
    Info (21058): Implemented 18 input pins
    Info (21059): Implemented 82 output pins
    Info (21061): Implemented 232 logic cells
Info: Quartus Prime Analysis & Synthesis was successful. 0 errors, 33 warnings
    Info: Peak virtual memory: 4771 megabytes
    Info: Processing ended: Wed May 21 22:53:25 2025
    Info: Elapsed time: 00:00:12
    Info: Total CPU time (on all processors): 00:00:25


